-------------------------------------
Beginning merge from source
INGRID ONLINE.accdb
VCS Version 4.1.0
Full Path: C:\Users\titoa\source\vscode\ingrid-xo\INGRID ONLINE.accdb
Export Folder: C:\Users\titoa\source\vscode\ingrid-xo\INGRID ONLINE.accdb.src\
20/03/2025 11:47:16
-------------------------------------
Scanning source files...
No modified vbe forms source files found.
No modified proj properties source files found.
No modified saved specs source files found.
  Exporting Module3
  Exporting Module4
  Exporting Mod_Data_Variable
  Exporting Mod_System_Function
  Exporting Mod_System_Ribbon
  Exporting Mod_System_Security_AES
  Exporting Mod_System_Security_AES2
  Exporting Mod_System_Security_CRC32
  Exporting Mod_System_Security_Encode64
  Exporting Mod_System_Security_HashEngine
  Exporting Mod_System_Security_Helper
  Exporting Mod_System_Security_MD5
  Exporting Mod_System_Security_SHA256
  Exporting Mod_System_Security_SHA256_2
  Exporting Mod_System_Variable
  Exporting Cls_Data_Get
  Exporting Cls_System_Log
  Exporting mod_graph_Barcode
  Exporting mod_graph_Aztec
  Exporting mod_graph_Code128
  Exporting mod_graph_DataMatrix
  Exporting mod_graph_QRCode
No modified commandbars source files found.
No modified shared images source files found.
  Exporting Office Theme
No modified imex specs source files found.
  Exporting USysRibbons
    Sanitized in 0,002 seconds.
  Exporting eni_miap_bulk
  Exporting q_employee
  Exporting q_employee_access
  Exporting q_mat_sum_ncr_dashboard1
  Exporting q_mat_sum_ncr_dashboard2
  Exporting q_mat_sum_ncr_dashboard3
  Exporting q_mat_sum_ncr_dashboard4
  Exporting q_mat_sum_ncr_dashboard_year
  Exporting q_sys_servertime
  Exporting t_accesslevel
  Exporting t_employee
  Exporting t_log
  Exporting t_material_movement
  Exporting t_material_movement_handle
  Exporting t_module
  Exporting t_moduleaccess
  Exporting t_plant
  Exporting t_q_contractor_name
  Exporting t_q_material_movement
  Exporting t_sloc
  Exporting t_sys_settings
  Exporting t_workingarea
  Exporting q_mat_datemove_date
    Sanitized in 0,002 seconds.
  Exporting q_mat_datemove_detail
    Sanitized in 0,001 seconds.
  Exporting q_mat_sum_ncr_contractor
    Sanitized in 0,000 seconds.
  Exporting q_sys_employee_access
    Sanitized in 0,001 seconds.
  Exporting q_sys_module_accesslevel
    Sanitized in 0,000 seconds.
  Exporting q_test
    Sanitized in 0,001 seconds.
  Exporting q_test2
    Sanitized in 0,000 seconds.
  Exporting q_wsp_employee_workingarea
    Sanitized in 0,001 seconds.
  Exporting APP_LOGIN
Loading Printer info for: 'Microsoft Print to PDF'.
    Sanitized in 0,083 seconds.
  Exporting frmWatchDog
    Sanitized in 0,003 seconds.
  Exporting MAT_MOVEMENT_BYDATE
    Sanitized in 0,009 seconds.
 - Checking 23 forms...
  Exporting MAT_MOVEMENT_BYDATE_Sub_DATE
    Sanitized in 0,004 seconds.
  Exporting MAT_MOVEMENT_BYDATE_Sub_DETAIL
    Sanitized in 0,007 seconds.
  Exporting MAT_MOVEMENT_BYDATE_Sub_HANDLE
    Sanitized in 0,004 seconds.
  Exporting MAT_MOVEMENT_EDITOR
    Sanitized in 0,027 seconds.
  Exporting MAT_MOVEMENT_EDITOR_Sub_CHANGEBIN
    Sanitized in 0,001 seconds.
  Exporting MAT_MOVEMENT_EDITOR_Sub_FIND
    Sanitized in 0,001 seconds.
  Exporting MAT_MOVEMENT_EDITOR_Sub_INCOMING
    Sanitized in 0,001 seconds.
  Exporting MAT_MOVEMENT_EDITOR_Sub_NCR
    Sanitized in 0,001 seconds.
  Exporting MAT_MOVEMENT_EDITOR_Sub_OUTGOING
    Sanitized in 0,001 seconds.
  Exporting MAT_MOVEMENT_EDITOR_Sub_TMTM
    Sanitized in 0,001 seconds.
  Exporting MAT_SUMMARY_NCR
    Sanitized in 0,015 seconds.
  Exporting SYS_MOD_ACCESS
    Sanitized in 0,009 seconds.
  Exporting SYS_MOD_ACCESS_Access
    Sanitized in 0,003 seconds.
  Exporting SYS_MOD_ACCESS_Editor
    Sanitized in 0,013 seconds.
  Exporting SYS_MOD_ACCESS_List
    Sanitized in 0,009 seconds.
  Exporting SYS_MOD_ACCESS_Password
    Sanitized in 0,004 seconds.
  Exporting SYS_MOD_DISPLAY
    Sanitized in 0,007 seconds.
  Exporting SYS_MOD_SLOC_List
    Sanitized in 0,002 seconds.
  Exporting TEST_1
    Sanitized in 0,002 seconds.
  Exporting t_moduleaccess Subform
    Sanitized in 0,002 seconds.
No modified macros source files found.
  Exporting RPT_MAT_MOVEMENT_BYDATE_EDITOR
    Sanitized in 0,002 seconds.
Not merging table data. (Imported only on full build)
No modified table data source files found.
No modified table data macros source files found.
  Exporting t_accesslevelt_moduleaccess
  Exporting t_modulet_moduleaccess
No modified hidden attributes source files found.
Resolving source conflicts
  db-connection.json (Skip)
  project.json (Skip)
  vbe-project.json (Skip)
  vbe-references.json (Skip)
  dbs-properties.json (Skip)
  USysRibbons.xml (Skip)
  q_mat_datemove_date.bas (Skip)
  q_mat_datemove_detail.bas (Skip)
  q_mat_sum_ncr_contractor.bas (Skip)
  q_sys_employee_access.bas (Skip)
  q_sys_module_accesslevel.bas (Skip)
  q_test.bas (Skip)
  q_test2.bas (Skip)
  q_wsp_employee_workingarea.bas (Skip)
  MAT_MOVEMENT_BYDATE_Sub_HANDLE.bas (Skip)
  MAT_MOVEMENT_EDITOR.bas (Skip)
  MAT_MOVEMENT_EDITOR_Sub_FIND.bas (Skip)
  MAT_MOVEMENT_EDITOR_Sub_INCOMING.bas (Skip)
  MAT_SUMMARY_NCR.bas (Skip)
  SYS_MOD_ACCESS_Editor.bas (Skip)
  SYS_MOD_SLOC_List.bas (Skip)
  documents.json (Skip)
  nav-pane-groups.json (Skip)
Saving backup of original database...
Saved as INGRID ONLINE_VCSBackup.accdb.
-------------------------------------
-------------------------------------
Merging modules...            
  Module3.bas
  Module4.bas
  Mod_Data_Variable.bas
  Mod_Graph_Aztec.bas
  Mod_Graph_Barcode.bas
  Mod_Graph_Code128.bas
  Mod_Graph_DataMatrix.bas
  Mod_Graph_QRCode.bas
  Mod_System_Function.bas
  Mod_System_Ribbon.bas
  Mod_System_Security_AES.bas
  Mod_System_Security_AES2.bas
  Mod_System_Security_CRC32.bas
  Mod_System_Security_Encode64.bas
  Mod_System_Security_HashEngine.bas
  Mod_System_Security_Helper.bas
  Mod_System_Security_MD5.bas
  Mod_System_Security_SHA256.bas
  Mod_System_Security_SHA256_2.bas
  Mod_System_Variable.bas
  Cls_Data_Get.cls
  Cls_System_Log.cls
  mod_graph_Barcode.bas
  mod_graph_Aztec.bas
  mod_graph_Code128.bas
  mod_graph_DataMatrix.bas
  mod_graph_QRCode.bas
[27] modules processed.
-------------------------------------
Merging themes...             
  Office Theme.thmx
[1] themes processed.
-------------------------------------
Merging tables...             
  eni_miap_bulk.json
  q_employee.json
  q_employee_access.json
  q_mat_sum_ncr_dashboard1.json
  q_mat_sum_ncr_dashboard2.json
  q_mat_sum_ncr_dashboard3.json
  q_mat_sum_ncr_dashboard4.json
  q_mat_sum_ncr_dashboard_year.json
  q_sys_servertime.json
  t_accesslevel.json
  t_employee.json
  t_log.json
  t_material_movement.json
  t_material_movement_handle.json
  t_module.json
  t_moduleaccess.json
  t_plant.json
  t_q_contractor_name.json
  t_q_material_movement.json
  t_sloc.json
  t_sys_settings.json
  t_workingarea.json
[22] tables processed.
-------------------------------------
Merging forms...              
  APP_LOGIN.bas
Loading Printer info for: 'Microsoft Print to PDF'.
  frmWatchDog.bas
Loading Printer info for: 'Microsoft Print to PDF'.
  MAT_MOVEMENT_BYDATE.bas
Loading Printer info for: 'Microsoft Print to PDF'.
  MAT_MOVEMENT_BYDATE_Sub_DATE.bas
Loading Printer info for: 'Microsoft Print to PDF'.
  MAT_MOVEMENT_BYDATE_Sub_DETAIL.bas
Loading Printer info for: 'Microsoft Print to PDF'.
  MAT_MOVEMENT_EDITOR_Sub_CHANGEBIN.bas
  MAT_MOVEMENT_EDITOR_Sub_NCR.bas
  MAT_MOVEMENT_EDITOR_Sub_OUTGOING.bas
  MAT_MOVEMENT_EDITOR_Sub_TMTM.bas
  SYS_MOD_ACCESS.bas
Loading Printer info for: 'Microsoft Print to PDF'.
  SYS_MOD_ACCESS_Access.bas
  SYS_MOD_ACCESS_List.bas
  SYS_MOD_ACCESS_Password.bas
Loading Printer info for: 'Microsoft Print to PDF'.
  SYS_MOD_DISPLAY.bas
Loading Printer info for: 'Microsoft Print to PDF'.
  TEST_1.bas
  t_moduleaccess Subform.bas
[16] forms processed.
-------------------------------------
Merging reports...            
  RPT_MAT_MOVEMENT_BYDATE_EDITOR.bas
Loading Printer info for: 'Microsoft Print to PDF'.
[1] reports processed.
-------------------------------------
Merging relations...          
  t_accesslevelt_moduleaccess.json
  t_modulet_moduleaccess.json
[2] relations processed.
-------------------------------------
Done. (18,05 seconds)

--------------------------------------------------
                PERFORMANCE REPORTS
--------------------------------------------------
Category                      Count     Seconds
--------------------------------------------------
Tables                        22        10,49
Forms                         16        1,72
Modules                       27        0,86
Reports                       1         0,33
Relations                     2         0,03
Themes                        1         0,03
--------------------------------------------------
TOTALS:                       69        13,45
--------------------------------------------------

--------------------------------------------------
Operations                    Count     Seconds
--------------------------------------------------
Increment Progress            161       1,17
App.LoadFromText()            17        1,12
Read File Bytes               247       1,09
Check Merge Conflicts         14        0,61
modVCSUtility.LoadComponentFr 
omText                        17        0,46
App.SaveAsText()              33        0,43
Convert to JSON               1165      0,35
Read File                     151       0,32
Scan Source Files             1         0,30
Sanitize File                 32        0,24
Import VBE Module             27        0,20
Console Updates               17        0,14
Get File Property Hash        239       0,12
Get File List                 16        0,10
Write File                    136       0,09
Export VBE Module             22        0,09
Compute SHA256                638       0,08
Parse JSON                    39        0,06
Get VBA Hash                  112       0,05
Delete File                   134       0,04
Read File DevMode             24        0,04
modFileAccess.VerifyPath      204       0,03
Get Modified Date             385       0,03
Save Stream to File           17        0,03
Check for linked table        24        0,02
App.ExportXML()               1         0,01
Parse JSON ISO Date           366       0,01
Parse VBA Module              27        0,01
Copy Stream                   17        0,01
Load Stream from File         17        0,01
Sanitize VBA Code             33        0,01
Enc. utf-8 as utf-16          17        0,00
Sanitize XML                  1         0,00
Export Theme                  1         0,00
Format XML                    1         0,00
modFileAccess.GetUncPath      4         0,00
--------------------------------------------------
Other Operations                        10,79
--------------------------------------------------


